\BOOKMARK [1][]{section.1}{\376\377\0001\000\040\000I\000n\000t\000r\000o\000d\000u\000c\000t\000i\000o\000n}{}% 1
\BOOKMARK [1][]{section.2}{\376\377\0002\000\040\000T\000h\000e\000o\000r\000e\000t\000i\000c\000a\000l\000\040\000F\000r\000a\000m\000e\000w\000o\000r\000k}{}% 2
\BOOKMARK [2][]{subsection.2.1}{\376\377\0002\000.\0001\000\040\000P\000r\000o\000d\000u\000c\000t\000i\000o\000n\000\040\000a\000n\000d\000\040\000T\000e\000c\000h\000n\000o\000l\000o\000g\000y}{section.2}% 3
\BOOKMARK [2][]{subsection.2.2}{\376\377\0002\000.\0002\000\040\000T\000r\000a\000d\000e\000\040\000S\000t\000r\000u\000c\000t\000u\000r\000e\000\040\000a\000n\000d\000\040\000M\000a\000r\000k\000e\000t\000\040\000C\000l\000e\000a\000r\000i\000n\000g}{section.2}% 4
\BOOKMARK [2][]{subsection.2.3}{\376\377\0002\000.\0003\000\040\000I\000n\000c\000o\000m\000e\000\040\000a\000n\000d\000\040\000E\000x\000p\000e\000n\000d\000i\000t\000u\000r\000e}{section.2}% 5
\BOOKMARK [2][]{subsection.2.4}{\376\377\0002\000.\0004\000\040\000L\000a\000b\000o\000r\000\040\000M\000o\000b\000i\000l\000i\000t\000y\000\040\000a\000n\000d\000\040\000T\000r\000a\000d\000e\000\040\000B\000a\000l\000a\000n\000c\000e}{section.2}% 6
\BOOKMARK [2][]{subsection.2.5}{\376\377\0002\000.\0005\000\040\000W\000e\000l\000f\000a\000r\000e\000\040\000M\000e\000a\000s\000u\000r\000e\000m\000e\000n\000t}{section.2}% 7
\BOOKMARK [2][]{subsection.2.6}{\376\377\0002\000.\0006\000\040\000E\000q\000u\000i\000l\000i\000b\000r\000i\000u\000m\000\040\000D\000e\000f\000i\000n\000i\000t\000i\000o\000n}{section.2}% 8
\BOOKMARK [1][]{section.3}{\376\377\0003\000\040\000D\000a\000t\000a\000\040\000C\000o\000n\000s\000t\000r\000u\000c\000t\000i\000o\000n}{}% 9
\BOOKMARK [2][]{subsection.3.1}{\376\377\0003\000.\0001\000\040\000W\000o\000r\000l\000d\000\040\000I\000n\000p\000u\000t\000-\000O\000u\000t\000p\000u\000t\000\040\000D\000a\000t\000a\000b\000a\000s\000e\000\040\000\050\000W\000I\000O\000D\000\051}{section.3}% 10
\BOOKMARK [2][]{subsection.3.2}{\376\377\0003\000.\0002\000\040\000S\000o\000c\000i\000o\000e\000c\000o\000n\000o\000m\000i\000c\000\040\000A\000c\000c\000o\000u\000n\000t\000s\000\040\000a\000n\000d\000\040\000L\000a\000b\000o\000r\000\040\000D\000a\000t\000a}{section.3}% 11
\BOOKMARK [2][]{subsection.3.3}{\376\377\0003\000.\0003\000\040\000T\000a\000r\000i\000f\000f\000\040\000D\000a\000t\000a\000\040\000A\000r\000c\000h\000i\000t\000e\000c\000t\000u\000r\000e}{section.3}% 12
\BOOKMARK [1][]{section.4}{\376\377\0004\000\040\000C\000a\000l\000i\000b\000r\000a\000t\000i\000o\000n}{}% 13
\BOOKMARK [2][]{subsection.4.1}{\376\377\0004\000.\0001\000\040\000P\000a\000r\000a\000m\000e\000t\000e\000r\000\040\000C\000a\000l\000i\000b\000r\000a\000t\000i\000o\000n\000\040\000S\000t\000r\000a\000t\000e\000g\000y}{section.4}% 14
\BOOKMARK [3][]{subsubsection.4.1.1}{\376\377\0004\000.\0001\000.\0001\000\040\000P\000r\000e\000f\000e\000r\000e\000n\000c\000e\000\040\000a\000n\000d\000\040\000T\000e\000c\000h\000n\000o\000l\000o\000g\000y\000\040\000P\000a\000r\000a\000m\000e\000t\000e\000r\000s\000\040\000f\000r\000o\000m\000\040\000I\000n\000p\000u\000t\000-\000O\000u\000t\000p\000u\000t\000\040\000D\000a\000t\000a}{subsection.4.1}% 15
\BOOKMARK [3][]{subsubsection.4.1.2}{\376\377\0004\000.\0001\000.\0002\000\040\000T\000r\000a\000d\000e\000\040\000E\000l\000a\000s\000t\000i\000c\000i\000t\000y\000\040\000f\000r\000o\000m\000\040\000L\000i\000t\000e\000r\000a\000t\000u\000r\000e}{subsection.4.1}% 16
\BOOKMARK [3][]{subsubsection.4.1.3}{\376\377\0004\000.\0001\000.\0003\000\040\000P\000r\000o\000d\000u\000c\000t\000i\000v\000i\000t\000y\000\040\000P\000a\000r\000a\000m\000e\000t\000e\000r\000s\000\040\000v\000i\000a\000\040\000C\000D\000K\000\040\000R\000e\000g\000r\000e\000s\000s\000i\000o\000n}{subsection.4.1}% 17
\BOOKMARK [3][]{subsubsection.4.1.4}{\376\377\0004\000.\0001\000.\0004\000\040\000S\000t\000r\000u\000c\000t\000u\000r\000a\000l\000\040\000E\000s\000t\000i\000m\000a\000t\000i\000o\000n\000\040\000o\000f\000\040\000T\000r\000a\000d\000e\000\040\000C\000o\000s\000t\000s}{subsection.4.1}% 18
\BOOKMARK [2][]{subsection.4.2}{\376\377\0004\000.\0002\000\040\000C\000a\000l\000i\000b\000r\000a\000t\000i\000o\000n\000\040\000P\000e\000r\000f\000o\000r\000m\000a\000n\000c\000e\000\040\000a\000n\000d\000\040\000P\000a\000r\000a\000m\000e\000t\000e\000r\000\040\000E\000s\000t\000i\000m\000a\000t\000e\000s}{section.4}% 19
\BOOKMARK [1][]{section.5}{\376\377\0005\000\040\000C\000o\000u\000n\000t\000e\000r\000f\000a\000c\000t\000u\000a\000l\000\040\000A\000n\000a\000l\000y\000s\000i\000s}{}% 20
\BOOKMARK [2][]{subsection.5.1}{\376\377\0005\000.\0001\000\040\000P\000o\000l\000i\000c\000y\000\040\000S\000c\000e\000n\000a\000r\000i\000o\000s}{section.5}% 21
\BOOKMARK [2][]{subsection.5.2}{\376\377\0005\000.\0002\000\040\000P\000o\000l\000i\000c\000y\000\040\000I\000m\000p\000l\000i\000c\000a\000t\000i\000o\000n\000s}{section.5}% 22
\BOOKMARK [1][]{section.6}{\376\377\0006\000\040\000C\000o\000n\000c\000l\000u\000s\000i\000o\000n}{}% 23
